Android/Main/app/build/intermediates/manifest_merge_blame_file/debug/manifest-merger-blame-debug-report.txt
1<?xml version="1.0" encoding="utf-8"?>
2<manifest xmlns:android="http://schemas.android.com/apk/res/android"
3    package="com.example.main"
4    android:versionCode="1"
5    android:versionName="1.0" >
6
7    <uses-sdk
8        android:minSdkVersion="19"
8-->src\main\AndroidManifest.xml
9        android:targetSdkVersion="30" />
9-->src\main\AndroidManifest.xml
10
11    <uses-permission android:name="android.permission.READ_EXTERNAL_STORAGE" />
11-->src\main\AndroidManifest.xml:64:5-80
11-->src\main\AndroidManifest.xml:64:22-77
12    <uses-permission android:name="android.permission.WRITE_EXTERNAL_STORAGE" />
12-->src\main\AndroidManifest.xml:65:5-81
12-->src\main\AndroidManifest.xml:65:22-78
13    <uses-permission android:name="android.permission.ACCESS_FINE_LOCATION" />
13-->src\main\AndroidManifest.xml:66:5-79
13-->src\main\AndroidManifest.xml:66:22-76
14
15    <!-- Include required permissions for Google Maps API to run. -->
16    <uses-permission android:name="android.permission.ACCESS_NETWORK_STATE" />
16-->[com.google.android.gms:play-services-maps:17.0.0] AndroidManifest.xml:23:5-79
16-->[com.google.android.gms:play-services-maps:17.0.0] AndroidManifest.xml:23:22-76
17    <uses-permission android:name="android.permission.INTERNET" />
17-->[com.google.android.gms:play-services-maps:17.0.0] AndroidManifest.xml:24:5-67
17-->[com.google.android.gms:play-services-maps:17.0.0] AndroidManifest.xml:24:22-64
18
19    <uses-feature
19-->[com.google.android.gms:play-services-maps:17.0.0] AndroidManifest.xml:26:5-28:35
20        android:glEsVersion="0x00020000"
20-->[com.google.android.gms:play-services-maps:17.0.0] AndroidManifest.xml:27:9-41
21        android:required="true" />
21-->[com.google.android.gms:play-services-maps:17.0.0] AndroidManifest.xml:28:9-32
22
23    <application
23-->src\main\AndroidManifest.xml:5:5-63:19
24        android:allowBackup="true"
24-->src\main\AndroidManifest.xml:6:9-35
25        android:appComponentFactory="androidx.core.app.CoreComponentFactory"
25-->[androidx.core:core:1.3.1] AndroidManifest.xml:24:18-86
26        android:debuggable="true"
27        android:icon="@drawable/draft"
27-->src\main\AndroidManifest.xml:7:9-39
28        android:label="@string/app_name"
28-->src\main\AndroidManifest.xml:8:9-41
29        android:requestLegacyExternalStorage="true"
29-->src\main\AndroidManifest.xml:9:9-52
30        android:roundIcon="@mipmap/ic_launcher_round"
30-->src\main\AndroidManifest.xml:10:9-54
31        android:supportsRtl="true"
31-->src\main\AndroidManifest.xml:11:9-35
32        android:testOnly="true"
33        android:theme="@style/Theme.Main" >
33-->src\main\AndroidManifest.xml:12:9-42
34        <activity
34-->src\main\AndroidManifest.xml:14:9-15:62
35            android:name="com.example.main.DetallePresupuesto"
35-->src\main\AndroidManifest.xml:14:19-53
36            android:parentActivityName="com.example.main.Pedidos" />
36-->src\main\AndroidManifest.xml:15:13-50
37        <activity
37-->src\main\AndroidManifest.xml:17:9-21:57
38            android:name="com.example.main.Pedidos"
38-->src\main\AndroidManifest.xml:18:13-36
39            android:label="@string/title_activity_pedidos"
39-->src\main\AndroidManifest.xml:19:13-59
40            android:parentActivityName="com.example.main.MainActivity"
40-->src\main\AndroidManifest.xml:21:13-55
41            android:theme="@style/Theme.Main.NoActionBar" />
41-->src\main\AndroidManifest.xml:20:13-58
42        <activity android:name="com.example.main.Catalogo" />
42-->src\main\AndroidManifest.xml:23:9-24:40
42-->src\main\AndroidManifest.xml:24:13-37
43        <activity
43-->src\main\AndroidManifest.xml:25:9-27:51
44            android:name="com.example.main.NuevaCita"
44-->src\main\AndroidManifest.xml:26:13-38
45            android:parentActivityName="com.example.main.citas" />
45-->src\main\AndroidManifest.xml:27:13-48
46        <!--
47             The API key for Google Maps-based APIs is defined as a string resource.
48             (See the file "res/values/google_maps_api.xml").
49             Note that the API key is linked to the encryption key used to sign the APK.
50             You need a different API key for each encryption key, including the release key that is used to
51             sign the APK for publishing.
52             You can define the keys for the debug and release targets in src/debug/ and src/release/.
53        -->
54        <activity
54-->src\main\AndroidManifest.xml:36:9-39:58
55            android:name="com.example.main.mapa"
55-->src\main\AndroidManifest.xml:37:13-33
56            android:label="@string/title_activity_mapa"
56-->src\main\AndroidManifest.xml:38:13-56
57            android:parentActivityName="com.example.main.MainActivity" />
57-->src\main\AndroidManifest.xml:39:13-55
58        <activity
58-->src\main\AndroidManifest.xml:40:9-42:58
59            android:name="com.example.main.envios"
59-->src\main\AndroidManifest.xml:41:13-35
60            android:parentActivityName="com.example.main.MainActivity" />
60-->src\main\AndroidManifest.xml:42:13-55
61        <activity
61-->src\main\AndroidManifest.xml:43:9-45:58
62            android:name="com.example.main.citas"
62-->src\main\AndroidManifest.xml:44:13-34
63            android:parentActivityName="com.example.main.MainActivity" />
63-->src\main\AndroidManifest.xml:45:13-55
64        <activity
64-->src\main\AndroidManifest.xml:46:9-48:58
65            android:name="com.example.main.partners"
65-->src\main\AndroidManifest.xml:47:13-37
66            android:parentActivityName="com.example.main.MainActivity" />
66-->src\main\AndroidManifest.xml:48:13-55
67        <activity
67-->src\main\AndroidManifest.xml:49:9-51:58
68            android:name="com.example.main.new_edit_partners"
68-->src\main\AndroidManifest.xml:50:13-46
69            android:parentActivityName="com.example.main.MainActivity" />
69-->src\main\AndroidManifest.xml:51:13-55
70        <activity android:name="com.example.main.MainActivity" >
70-->src\main\AndroidManifest.xml:52:9-58:20
70-->src\main\AndroidManifest.xml:52:19-47
71            <intent-filter>
71-->src\main\AndroidManifest.xml:53:13-57:29
72                <action android:name="android.intent.action.MAIN" />
72-->src\main\AndroidManifest.xml:54:17-69
72-->src\main\AndroidManifest.xml:54:25-66
73
74                <category android:name="android.intent.category.LAUNCHER" />
74-->src\main\AndroidManifest.xml:56:17-77
74-->src\main\AndroidManifest.xml:56:27-74
75            </intent-filter>
76        </activity>
77
78        <meta-data
78-->src\main\AndroidManifest.xml:60:9-62:55
79            android:name="com.google.android.maps.v2.API_KEY"
79-->src\main\AndroidManifest.xml:61:13-62
80            android:value="@string/google_maps_key" />
80-->src\main\AndroidManifest.xml:62:13-52
81        <!-- Needs to be explicitly declared on P+ -->
82        <uses-library
82-->[com.google.android.gms:play-services-maps:17.0.0] AndroidManifest.xml:33:9-35:40
83            android:name="org.apache.http.legacy"
83-->[com.google.android.gms:play-services-maps:17.0.0] AndroidManifest.xml:34:13-50
84            android:required="false" />
84-->[com.google.android.gms:play-services-maps:17.0.0] AndroidManifest.xml:35:13-37
85
86        <activity
86-->[com.google.android.gms:play-services-base:17.0.0] AndroidManifest.xml:23:9-26:75
87            android:name="com.google.android.gms.common.api.GoogleApiActivity"
87-->[com.google.android.gms:play-services-base:17.0.0] AndroidManifest.xml:24:13-79
88            android:exported="false"
88-->[com.google.android.gms:play-services-base:17.0.0] AndroidManifest.xml:25:13-37
89            android:theme="@android:style/Theme.Translucent.NoTitleBar" />
89-->[com.google.android.gms:play-services-base:17.0.0] AndroidManifest.xml:26:13-72
90
91        <meta-data
91-->[com.google.android.gms:play-services-basement:17.0.0] AndroidManifest.xml:23:9-25:69
92            android:name="com.google.android.gms.version"
92-->[com.google.android.gms:play-services-basement:17.0.0] AndroidManifest.xml:24:13-58
93            android:value="@integer/google_play_services_version" />
93-->[com.google.android.gms:play-services-basement:17.0.0] AndroidManifest.xml:25:13-66
94    </application>
95
96</manifest>